[debug] [2018-04-02T17:23:30.329Z] ----------------------------------------------------------------------
[debug] [2018-04-02T17:23:30.334Z] Command:       C:\Program Files\nodejs\node.exe C:\Users\Seavanas\AppData\Roaming\npm\node_modules\firebase-tools\bin\firebase serve
[debug] [2018-04-02T17:23:30.334Z] CLI Version:   3.17.7
[debug] [2018-04-02T17:23:30.334Z] Platform:      win32
[debug] [2018-04-02T17:23:30.334Z] Node Version:  v8.10.0
[debug] [2018-04-02T17:23:30.336Z] Time:          Mon Apr 02 2018 11:23:30 GMT-0600 (Mountain Daylight Time)
[debug] [2018-04-02T17:23:30.336Z] ----------------------------------------------------------------------
[debug] 
[debug] [2018-04-02T17:23:30.365Z] > command requires scopes: ["email","openid","https://www.googleapis.com/auth/cloudplatformprojects.readonly","https://www.googleapis.com/auth/firebase","https://www.googleapis.com/auth/cloud-platform"]
[debug] [2018-04-02T17:23:30.366Z] > authorizing via signed-in user
[debug] [2018-04-02T17:23:30.370Z] > refreshing access token with scopes: ["email","https://www.googleapis.com/auth/cloud-platform","https://www.googleapis.com/auth/cloudplatformprojects.readonly","https://www.googleapis.com/auth/firebase","openid"]
[debug] [2018-04-02T17:23:30.370Z] >>> HTTP REQUEST POST https://www.googleapis.com/oauth2/v3/token  
 { refresh_token: '1/TAD1TeshWiqJVhpbp0Yusu5qI52KF2VlxhTTwscPf2E',
  client_id: '563584335869-fgrhgmd47bqnekij5i8b5pr03ho849e6.apps.googleusercontent.com',
  client_secret: 'j9iVZfS8kkCEFUPaAeJV0sAi',
  grant_type: 'refresh_token',
  scope: 'email https://www.googleapis.com/auth/cloud-platform https://www.googleapis.com/auth/cloudplatformprojects.readonly https://www.googleapis.com/auth/firebase openid' } 
 Mon Apr 02 2018 11:23:30 GMT-0600 (Mountain Daylight Time)
[debug] [2018-04-02T17:23:30.728Z] <<< HTTP RESPONSE 200
[debug] [2018-04-02T17:23:30.741Z] >>> HTTP REQUEST GET https://admin.firebase.com/v1/projects/instacomm-da2a2  
  
 Mon Apr 02 2018 11:23:30 GMT-0600 (Mountain Daylight Time)
[debug] [2018-04-02T17:23:31.522Z] <<< HTTP RESPONSE 200
[debug] [2018-04-02T17:23:31.523Z] >>> HTTP REQUEST GET https://admin.firebase.com/v1/database/instacomm-da2a2/tokens  
  
 Mon Apr 02 2018 11:23:31 GMT-0600 (Mountain Daylight Time)
[debug] [2018-04-02T17:23:32.846Z] <<< HTTP RESPONSE 200
[debug] [2018-04-02T17:23:32.846Z] >>> HTTP REQUEST GET https://cloudresourcemanager.googleapis.com/v1/projects/instacomm-da2a2  
  
 Mon Apr 02 2018 11:23:32 GMT-0600 (Mountain Daylight Time)
[debug] [2018-04-02T17:23:33.561Z] <<< HTTP RESPONSE 200
[info] 
[info] === Serving from 'C:\Users\Seavanas\Documents\GitHub\CPSC471-Project'...
[info] 
[debug] [2018-04-02T17:23:33.578Z] >>> HTTP REQUEST GET https://mobilesdk-pa.googleapis.com/v1/projects/573316922306/clients/_:getWebAppConfig  
  
 Mon Apr 02 2018 11:23:33 GMT-0600 (Mountain Daylight Time)
[debug] [2018-04-02T17:23:34.275Z] <<< HTTP RESPONSE 200
[info] i  hosting: Serving hosting files from: public
[info] +  hosting: Local server: http://localhost:5000

